  D3DresourceLeakChecker.cpp
  DirectXCommon.cpp
  imgui.cpp
  imgui_demo.cpp
  imgui_draw.cpp
  imgui_impl_dx12.cpp
  imgui_impl_win32.cpp
  imgui_tables.cpp
  imgui_widgets.cpp
  Input.cpp
  Logger.cpp
  main.cpp
  MakeAffineMatrix.cpp
  MakeIdentity4x4.cpp
  MakeOrthographicMatrix.cpp
  MakePerspectiveFovMatrix.cpp
  MakeRotateXMatrix.cpp
  MakeRotateYMatrix.cpp
  MakeRotateZMatrix.cpp
  Multiply.cpp
  Sprite.cpp
  SpriteCommon.cpp
  StringUtility.cpp
  TextureManager.cpp
  WinApp.cpp
  GE3.vcxproj -> C:\Lessons\2024B\Engine\x64\Debug\GE3.exe
          1 個のファイルをコピーしました。
          1 個のファイルをコピーしました。
